<?xml version="1.0" encoding="utf-8" standalone="no"?>
<!--This file represents the results of running a test suite-->
<test-results name="C:\Users\pranalinarkar\Source\Repos\CSYE-6202-Spring2016\SimplePayRole\PayrollSystem.Tests\bin\Debug\PayrollSystem.Tests.dll" total="11" errors="0" failures="0" not-run="1" inconclusive="0" ignored="1" skipped="0" invalid="0" date="2016-03-26" time="15:38:11">
  <environment nunit-version="2.6.4.14350" clr-version="2.0.50727.8670" os-version="Microsoft Windows NT 6.2.9200.0" platform="Win32NT" cwd="C:\Users\pranalinarkar\Source\Repos\CSYE-6202-Spring2016\SimplePayRole\PayrollSystem.Tests\bin\Debug" machine-name="DESKTOP-U1CN9EA" user="pranalinarkar" user-domain="DESKTOP-U1CN9EA" />
  <culture-info current-culture="en-US" current-uiculture="en-US" />
  <test-suite type="Assembly" name="C:\Users\pranalinarkar\Source\Repos\CSYE-6202-Spring2016\SimplePayRole\PayrollSystem.Tests\bin\Debug\PayrollSystem.Tests.dll" executed="True" result="Success" success="True" time="0.401" asserts="0">
    <results>
      <test-suite type="Namespace" name="PayrollSystem" executed="True" result="Success" success="True" time="0.388" asserts="0">
        <results>
          <test-suite type="Namespace" name="Tests" executed="True" result="Success" success="True" time="0.387" asserts="0">
            <results>
              <test-suite type="TestFixture" name="RunningPayrollTests" executed="True" result="Success" success="True" time="0.386" asserts="0">
                <results>
                  <test-case name="PayrollSystem.Tests.RunningPayrollTests.CommissionEmployee_ResultShouldBeTrue" executed="True" result="Success" success="True" time="0.105" asserts="1" />
                  <test-case name="PayrollSystem.Tests.RunningPayrollTests.EmployeeTypeIsNull_ResultShouldBeFalse" executed="True" result="Success" success="True" time="0.000" asserts="1" />
                  <test-case name="PayrollSystem.Tests.RunningPayrollTests.EnteredIncorrectNameType_ResultShouldBeFalse" executed="True" result="Success" success="True" time="0.149" asserts="1" />
                  <test-case name="PayrollSystem.Tests.RunningPayrollTests.ExpectedExceptionTest" executed="True" result="Success" success="True" time="0.055" asserts="0" />
                  <test-case name="PayrollSystem.Tests.RunningPayrollTests.HourlyEmployee_ResultShouldBeTrue" executed="True" result="Success" success="True" time="0.000" asserts="1" />
                  <test-case name="PayrollSystem.Tests.RunningPayrollTests.InvalidUserType_ResultShouldBeFalse" executed="True" result="Success" success="True" time="0.000" asserts="1" />
                  <test-case name="PayrollSystem.Tests.RunningPayrollTests.NameIsNull_ResultShouldBeFalse" executed="True" result="Success" success="True" time="0.000" asserts="1" />
                  <test-case name="PayrollSystem.Tests.RunningPayrollTests.NotImplementedException" executed="False" result="Ignored">
                    <reason>
                      <message><![CDATA[]]></message>
                    </reason>
                  </test-case>
                  <test-case name="PayrollSystem.Tests.RunningPayrollTests.SalariedEmployee_ResultShouldBeTrue" executed="True" result="Success" success="True" time="0.000" asserts="1" />
                  <test-case name="PayrollSystem.Tests.RunningPayrollTests.SalaryBasedCommissionEmployee_ResultShouldBeTrue" executed="True" result="Success" success="True" time="0.000" asserts="1" />
                  <test-case name="PayrollSystem.Tests.RunningPayrollTests.When_IncorrectSSNValue_ResultShouldBeFalse" executed="True" result="Success" success="True" time="0.005" asserts="1" />
                  <test-case name="PayrollSystem.Tests.RunningPayrollTests.When_UserEnteredSSNValue_ResultShouldBeTrue" executed="True" result="Success" success="True" time="0.003" asserts="1" />
                </results>
              </test-suite>
            </results>
          </test-suite>
        </results>
      </test-suite>
    </results>
  </test-suite>
</test-results>